The	DET
complicated	ADJ
language	NOUN
in	ADP
the	DET
huge	ADJ
new	ADJ
law	NOUN
has	VERB
muddied	VERB
the	DET
fight	NOUN
.	.

The	DET
Ways	NOUN
and	CONJ
Means	NOUN
Committee	NOUN
will	VERB
hold	VERB
a	DET
hearing	NOUN
on	ADP
the	DET
bill	NOUN
next	ADP
Tuesday	NOUN
.	.

This	DET
time	NOUN
around	ADV
,	.
they	PRON
're	VERB
moving	VERB
even	ADV
faster	ADV
.	.

Shearson	NOUN
Lehman	NOUN
Hutton	NOUN
Inc.	NOUN
by	ADP
yesterday	NOUN
afternoon	NOUN
had	VERB
already	ADV
written	VERB
new	ADJ
TV	NOUN
ads	NOUN
.	.

This	DET
time	NOUN
,	.
the	DET
firms	NOUN
were	VERB
ready	ADJ
.	.

Ad	NOUN
Notes	NOUN
...	.
.	.

ARNOLD	NOUN
ADVERTISING	NOUN
:	.

EDUCATION	NOUN
ADS	NOUN
:	.

``	.
I	PRON
'm	VERB
for	ADP
the	DET
Giants	NOUN
today	NOUN
,	.
but	CONJ
only	ADJ
because	ADP
they	PRON
lost	VERB
yesterday	NOUN
.	.

I	PRON
love	NOUN
'em	NOUN
both	CONJ
.	.

The	DET
above	ADJ
represents	VERB
a	DET
triumph	NOUN
of	ADP
either	DET
apathy	NOUN
or	CONJ
civility	NOUN
.	.

Not	ADV
his	PRON
autograph	NOUN
;	.
power-hitter	NOUN
McGwire	NOUN
's	PRT
.	.

They	PRON
went	VERB
a	DET
collective	NOUN
5-for-24	NOUN
here	ADV
,	.
with	ADP
zero	NOUN
homers	NOUN
and	CONJ
ribbies	NOUN
.	.

``	.
That	ADP
's	PRT
baseball	NOUN
.	.

Average	ADJ
shares	NOUN
outstanding	ADJ
dropped	VERB
to	PRT
75.8	NOUN
million	NUM
from	ADP
82.1	NOUN
million	NUM
.	.

Now	ADV
,	.
would	VERB
n't	ADV
that	ADP
be	VERB
a	DET
novelty	NOUN
.	.

Phyllis	NOUN
Kyle	NOUN
Stephenson	NOUN
Newport	NOUN
News	NOUN
,	.
Va	NOUN
.	.

By	ADP
lunchtime	NOUN
,	.
the	DET
selling	NOUN
was	VERB
at	ADP
near-panic	NOUN
fever	NOUN
.	.

So	ADP
it	PRON
went	VERB
yesterday	NOUN
in	ADP
the	DET
trading	NOUN
rooms	NOUN
of	ADP
London	NOUN
's	PRT
financial	ADJ
district	NOUN
.	.

And	CONJ
it	PRON
left	VERB
mixed	VERB
signals	VERB
for	ADP
London	NOUN
.	.

Red	NOUN
figures	NOUN
on	ADP
the	DET
screens	NOUN
indicated	NOUN
falling	VERB
stocks	NOUN
;	.
blue	ADJ
figures	NOUN
,	.
rising	VERB
stocks	NOUN
.	.

``	.
It	PRON
's	VERB
very	ADV
frustrating	VERB
.	.
''	.

He	PRON
temporarily	VERB
abandoned	VERB
his	PRON
search	NOUN
for	ADP
the	DET
Reuters	NOUN
shares	NOUN
.	.

we	PRON
're	VERB
in	ADP
for	ADP
a	DET
lot	NOUN
of	ADP
turbulence	NOUN
...	.
.	.
''	.

He	PRON
was	VERB
right	ADV
.	.

By	ADP
midday	NOUN
,	.
the	DET
London	NOUN
market	NOUN
was	VERB
in	ADP
full	ADJ
retreat	NOUN
.	.

Conversation	ADV
was	VERB
subdued	NOUN
as	ADP
most	ADJ
patrons	NOUN
watched	VERB
the	DET
latest	ADJ
market	NOUN
statistics	NOUN
on	ADP
television	NOUN
.	.

Suddenly	ADV
,	.
after	ADP
about	ADV
45	NUM
minutes	NOUN
,	.
the	DET
U.S.	NOUN
markets	NOUN
rallied	VERB
.	.

As	ADP
Wall	NOUN
Street	NOUN
strengthened	NOUN
,	.
the	DET
London	NOUN
trading	NOUN
room	NOUN
went	VERB
wild	ADJ
.	.

Traders	NOUN
shouted	NOUN
as	ADP
their	PRON
screens	VERB
posted	VERB
an	DET
ever-narrowing	NOUN
loss	NOUN
on	ADP
Wall	NOUN
Street	NOUN
.	.

``	.
This	DET
is	VERB
panic	NOUN
buying	NOUN
!	.
''	.

Frank	NOUN
Tremdine	NOUN

Work	NOUN
at	ADP
Boeing	NOUN
continues	NOUN
with	ADP
supervisors	NOUN
and	CONJ
other	ADJ
non-striking	NOUN
personnel	NOUN
manning	VERB
the	DET
lines	NOUN
.	.

Under	NOUN
Kansas	NOUN
right-to-work	NOUN
laws	NOUN
,	.
contracts	NOUN
can	VERB
not	ADV
require	VERB
workers	NOUN
to	PRT
be	VERB
union	NOUN
members	NOUN
.	.

European	ADJ
investors	NOUN
have	VERB
further	ADV
reason	NOUN
for	ADP
optimism	NOUN
today	NOUN
,	.
after	ADP
the	DET
U.S.	NOUN
rebound	NOUN
.	.

Share	NOUN
prices	NOUN
fell	VERB
in	ADP
Milan	NOUN
,	.
Amsterdam	NOUN
,	.
Zurich	NOUN
,	.
Madrid	NOUN
and	CONJ
Stockholm	NOUN
.	.

FRANKFURT	NOUN
:	.

The	DET
index	NOUN
closed	VERB
at	ADP
1385.72	NOUN
,	.
down	ADV
203.56	VERB
points	NOUN
.	.

Some	DET
of	ADP
West	NOUN
Germany	NOUN
's	PRT
bluest	NOUN
chips	NOUN
took	VERB
some	DET
of	ADP
the	DET
biggest	ADJ
hits	NOUN
.	.

LONDON	NOUN
:	.

Volume	NOUN
was	VERB
959.3	NUM
million	NUM
shares	NOUN
,	.
more	ADV
than	ADP
triple	NOUN
recent	ADJ
levels	NOUN
.	.

PARIS	NOUN
:	.

J.P.	NOUN
Morgan	NOUN
&	CONJ
Co	NOUN
.	.

NCNB	NOUN
Corp	NOUN
.	.

Security	NOUN
Pacific	NOUN
Corp	NOUN
.	.

The	DET
loan	NOUN
growth	NOUN
offset	NOUN
continuing	VERB
real-estate	NOUN
loan	NOUN
losses	NOUN
in	ADP
the	DET
depressed	ADJ
Arizona	NOUN
market	NOUN
.	.

Non-interest	NOUN
expense	NOUN
grew	VERB
only	ADV
4	NUM
%	NOUN
in	ADP
the	DET
period	NOUN
.	.

Mrs.	NOUN
Hills	NOUN
said	VERB
yesterday	NOUN
that	ADP
the	DET
dispute-settlement	NOUN
panel	NOUN
rejected	VERB
this	DET
Canadian	ADJ
government	NOUN
argument	NOUN
.	.

Idle	NOUN
Thought	NOUN

--	.
May	NOUN
Richstone	NOUN
.	.

--	.
Dick	NOUN
Emmons	NOUN
.	.

BSN	NOUN
currently	ADV
has	VERB
4.6	NUM
million	NUM
common	ADJ
shares	NOUN
outstanding	ADJ
.	.

The	DET
market	NOUN
upheaval	NOUN
apparently	ADV
has	VERB
n't	ADV
triggered	VERB
any	DET
cash	NOUN
crunch	NOUN
--	.
yet	ADV
.	.

``	.
That	ADP
's	PRT
good	ADJ
news	NOUN
,	.
because	ADP
we	PRON
all	DET
swim	NOUN
in	ADP
this	DET
water	NOUN
.	.
''	.

But	CONJ
markets	NOUN
can	VERB
operate	VERB
with	ADP
greater	ADJ
or	CONJ
lesser	ADJ
efficiency	NOUN
.	.

Options	NOUN
markets	NOUN
stopped	NOUN
trading	NOUN
in	ADP
many	ADJ
securities	NOUN
.	.

The	DET
New	NOUN
York	NOUN
Stock	NOUN
Exchange	NOUN
,	.
under	ADP
its	PRON
own	VERB
rules	NOUN
,	.
remained	VERB
open	ADJ
.	.

As	ADP
liquidity	NOUN
on	ADP
that	DET
market	NOUN
weakened	NOUN
,	.
prices	NOUN
fell	VERB
sharply	ADV
.	.

Traders	NOUN
can	VERB
vary	VERB
their	PRON
strategies	VERB
and	CONJ
execute	VERB
their	PRON
orders	NOUN
in	ADP
any	DET
one	NUM
of	ADP
them	PRON
.	.

A	DET
UNIFIED	NOUN
EUROPE	NOUN
poses	NOUN
labor	NOUN
problems	NOUN
and	CONJ
prospects	NOUN
for	ADP
U.S.	NOUN
firms	NOUN
.	.

Many	ADJ
also	ADV
use	VERB
recruiting	NOUN
bonuses	NOUN
,	.
tuition	NOUN
reimbursement	NOUN
,	.
loan	NOUN
repayment	NOUN
or	CONJ
child-care	ADJ
help	NOUN
.	.

Some	DET
give	VERB
lump-sum	NOUN
incentives	NOUN
.	.

It	PRON
's	VERB
in	ADP
their	PRON
top	NOUN
five	NUM
``	.
work	NOUN
values	NOUN
.	.
''	.

About	ADP
72	NOUN
%	NOUN
reimburse	NOUN
for	ADP
all	DET
or	CONJ
some	DET
losses	NOUN
.	.

The	DET
loss	NOUN
of	ADP
more	ADJ
customers	NOUN
is	VERB
the	DET
latest	ADJ
in	ADP
a	DET
string	NOUN
of	ADP
problems	NOUN
.	.

Reluctant	NOUN
Advertisers	NOUN
Try	VERB
Soft-Sell	NOUN
Spots	NOUN

But	CONJ
such	ADJ
spots	NOUN
can	VERB
be	VERB
too	ADV
soft	ADJ
.	.

Retailer	NOUN
Sees	NOUN
Pitfalls	NOUN
In	ADP
Environmental	NOUN
Push	VERB

But	CONJ
the	DET
chain	NOUN
is	VERB
quickly	ADV
realizing	VERB
the	DET
pitfalls	NOUN
of	ADP
such	ADJ
endorsements	NOUN
.	.

That	DET
does	VERB
n't	ADV
thrill	VERB
Procter	NOUN
&	CONJ
Gamble	NOUN
Co.	NOUN
,	.
maker	NOUN
of	ADP
Cascade	NOUN
dishwasher	NOUN
detergent	NOUN
.	.

Yet	ADV
parents	VERB
demand	VERB
them	PRON
.	.

Odds	NOUN
and	CONJ
Ends	NOUN

NEATNESS	ADV
does	VERB
count	NOUN
--	.
at	ADP
least	ADJ
in	ADP
the	DET
grocery	NOUN
store	NOUN
.	.

She	PRON
has	VERB
also	ADV
served	VERB
on	ADP
several	ADJ
task	NOUN
forces	NOUN
on	ADP
acquired	NOUN
immune	NOUN
deficiency	NOUN
syndrome	NOUN
.	.

The	DET
continuing	VERB
series	NOUN
of	ADP
HUD	NOUN
scandals	NOUN
is	VERB
a	DET
sadly	NOUN
predictable	NOUN
result	VERB
of	ADP
pork-barrel	NOUN
politics	NOUN
.	.

There	DET
's	VERB
nothing	NOUN
unusual	NOUN
about	ADP
business	NOUN
groups	NOUN
pushing	NOUN
for	ADP
more	ADJ
government	NOUN
spending	NOUN
.	.

Yet	ADV
on	ADP
matters	VERB
close	VERB
to	PRT
,	.
er	NOUN
,	.
home	NOUN
...	.

``	.
We	PRON
've	VERB
taken	VERB
more	ADV
than	ADP
our	PRON
fair	ADJ
share	NOUN
.	.

Indirect	NOUN
subsidies	NOUN
,	.
through	ADP
the	DET
FHA	NOUN
,	.
for	ADP
instance	NOUN
,	.
are	VERB
little	ADV
better	ADV
.	.

Mr.	NOUN
Bandow	NOUN
is	VERB
a	DET
Cato	NOUN
Institute	NOUN
fellow	NOUN
.	.

Deal	NOUN
stocks	NOUN
led	VERB
the	DET
market	NOUN
down	ADV
as	ADP
they	PRON
absorbed	VERB
the	DET
heaviest	NOUN
losses	NOUN
.	.

Hilton	NOUN
lost	VERB
20	NUM
%	NOUN
on	ADP
Friday	NOUN
;	.
Paramount	NOUN
lost	VERB
almost	ADV
11	NUM
%	NOUN
.	.

Absolutely	NOUN
not	ADV
.	.

Not	ADV
surprisingly	ADV
,	.
he	PRON
sometimes	ADV
bites	VERB
.	.

The	DET
truth	NOUN
is	VERB
,	.
Washington	NOUN
understands	NOUN
politics	NOUN
better	ADV
than	ADP
economics	NOUN
.	.

The	DET
index	NOUN
slid	NOUN
647.33	NOUN
points	NOUN
,	.
or	CONJ
1.8	ADJ
%	NOUN
,	.
on	ADP
Monday	NOUN
.	.

The	DET
day	NOUN
's	PRT
decline	NOUN
was	VERB
generally	ADV
in	ADP
line	NOUN
with	ADP
analysts	NOUN
'	PRT
weekend	NOUN
predictions	NOUN
.	.

Declining	VERB
issues	NOUN
swamped	VERB
advancers	NOUN
,	.
941-105	NOUN
.	.

But	CONJ
volume	NOUN
was	VERB
thin	ADJ
at	ADP
526.2	NOUN
million	NUM
shares	NOUN
,	.
compared	VERB
with	ADP
574.7	NOUN
million	NUM
Friday	NOUN
.	.

Thus	ADV
,	.
market	NOUN
participants	NOUN
yesterday	NOUN
were	VERB
looking	VERB
ahead	ADV
nervously	VERB
to	PRT
Wall	NOUN
Street	NOUN
's	VERB
opening	VERB
.	.

``	.
For	ADP
us	PRON
institutional	ADJ
investors	NOUN
,	.
the	DET
chance	NOUN
for	ADP
buying	NOUN
has	VERB
come	VERB
.	.
''	.

Other	ADJ
fund	NOUN
managers	NOUN
were	VERB
similarly	ADV
sanguine	VERB
.	.

Bangkok	NOUN
,	.
Manila	NOUN
,	.
Seoul	NOUN
,	.
Taipei	NOUN
and	CONJ
Jakarta	NOUN
escaped	NOUN
with	ADP
slightly	ADV
smaller	ADJ
losses	NOUN
.	.

Trading	NOUN
was	VERB
heavy	ADJ
at	ADP
about	ADV
one	NUM
billion	NUM
shares	NOUN
,	.
compared	VERB
with	ADP
473.9	NOUN
million	NUM
Friday	NOUN
.	.

But	CONJ
volume	NOUN
rose	VERB
only	ADV
to	PRT
162	NOUN
million	NUM
shares	NOUN
from	ADP
143	NOUN
million	NUM
Friday	NOUN
.	.

The	DET
Financial	NOUN
Times	NOUN
30-share	ADJ
index	NOUN
closed	VERB
79.3	NOUN
points	NOUN
lower	ADV
at	ADP
1738.7	NOUN
.	.

Volume	NOUN
more	ADV
than	ADP
doubled	VERB
to	PRT
959.3	NOUN
million	NUM
shares	NOUN
from	ADP
457.7	NOUN
million	NUM
Friday	NOUN
.	.

Prices	NOUN
on	ADP
the	DET
Frankfurt	NOUN
Stock	NOUN
Exchange	NOUN
tumbled	VERB
in	ADP
heavy	ADJ
trading	NOUN
.	.

The	DET
percentage	NOUN
change	NOUN
is	VERB
since	ADP
year-end	NOUN
.	.

Not	ADV
only	ADJ
Californians	NOUN
but	CONJ
all	DET
Americans	NOUN
would	VERB
pay	NOUN
if	ADP
this	DET
thing	NOUN
passed	NOUN
.	.

The	DET
proposed	NOUN
initiative	NOUN
would	VERB
mandate	VERB
a	DET
reduction	NOUN
of	ADP
carbon	NOUN
dioxide	NOUN
of	ADP
40	NUM
%	NOUN
.	.

The	DET
key	NOUN
here	ADV
is	VERB
the	DET
ambition	NOUN
of	ADP
state	NOUN
Attorney	NOUN
General	NOUN
John	NOUN
Van	NOUN
de	ADP
Kamp	NOUN
.	.

He	PRON
's	VERB
running	NOUN
for	ADP
governor	NOUN
.	.

That	DET
's	VERB
also	ADV
the	DET
day	NOUN
of	ADP
the	DET
gubernatorial	NOUN
election	NOUN
.	.

And	CONJ
it	PRON
allows	VERB
Mr.	NOUN
Van	NOUN
de	ADP
Kamp	NOUN
to	PRT
get	VERB
around	ADP
campaign	NOUN
spending	NOUN
limits	NOUN
.	.

Of	ADP
course	NOUN
the	DET
state	NOUN
's	PRT
liberals	NOUN
are	VERB
not	ADV
yet	ADV
a	DET
nation	NOUN
unto	VERB
themselves	PRON
.	.

First	ADV
,	.
there	DET
was	VERB
a	DET
death	NOUN
watch	NOUN
.	.

The	DET
Nasdaq	NOUN
OTC	NOUN
index	NOUN
closed	VERB
down	ADV
6.31	VERB
to	PRT
460.98	NOUN
.	.

It	PRON
's	VERB
just	ADV
a	DET
strange	ADJ
feeling	NOUN
.	.

But	CONJ
to	PRT
traders	NOUN
,	.
it	PRON
looked	VERB
like	ADP
disaster	NOUN
on	ADP
the	DET
9:30	NOUN
a.m.	ADV
opening	VERB
bell	NOUN
.	.

The	DET
Dow	NOUN
Jones	NOUN
Industrial	NOUN
Average	NOUN
opened	VERB
down	ADV
1.64	VERB
shortly	ADV
after	ADP
9:30	NOUN
.	.

The	DET
program	NOUN
traders	NOUN
were	VERB
in	ADP
there	DET
,	.
too	ADV
,	.
of	ADP
course	NOUN
.	.

Trading	NOUN
in	ADP
Walt	NOUN
Disney	NOUN
Co.	NOUN
particularly	ADV
caught	VERB
traders	NOUN
'	PRT
eyes	NOUN
.	.

The	DET
stock	NOUN
opened	VERB
late	ADV
at	ADP
114	NUM
1\/2	NUM
,	.
down	ADV
8	NUM
1\/2	NUM
.	.

It	PRON
was	VERB
orderly	NOUN
.	.

We	PRON
put	VERB
some	DET
orders	NOUN
together	ADV
.	.

There	DET
was	VERB
n't	ADV
a	DET
lot	NOUN
of	ADP
panic	NOUN
selling	NOUN
,	.
either	ADV
domestically	VERB
or	CONJ
internationally	NOUN
...	.
.	.

On	ADP
the	DET
Big	NOUN
Board	NOUN
floor	NOUN
and	CONJ
on	ADP
trading	NOUN
desks	NOUN
,	.
traders	NOUN
yelped	VERB
their	PRON
approval	NOUN
.	.

But	CONJ
not	ADV
everybody	VERB
was	VERB
making	VERB
money	NOUN
.	.

Merck	ADV
is	VERB
one	NUM
of	ADP
the	DET
most	ADV
important	ADJ
stocks	NOUN
in	ADP
the	DET
Major	ADJ
Market	NOUN
Index	NOUN
.	.

And	CONJ
yesterday	NOUN
,	.
the	DET
top	NOUN
performing	NOUN
industry	NOUN
group	NOUN
was	VERB
oil	NOUN
field	NOUN
equipment	NOUN
issues	NOUN
.	.

Shares	NOUN
of	ADP
three	NUM
brokerage	NOUN
firms	NOUN
rose	VERB
after	ADP
they	PRON
reported	VERB
earnings	NOUN
.	.

Mr.	NOUN
Phelan	NOUN
expressed	NOUN
relief	NOUN
that	ADP
the	DET
market	NOUN
rebounded	VERB
yesterday	NOUN
.	.

They	PRON
used	VERB
their	PRON
judgment	NOUN
.	.

They	PRON
did	VERB
n't	ADV
panic	VERB
during	ADP
the	DET
first	ADJ
round	NOUN
of	ADP
selling	NOUN
this	DET
morning	NOUN
.	.

Maybe	ADV
they	PRON
learned	NOUN
from	ADP
experience	NOUN
.	.
''	.

Wall	NOUN
Street	NOUN
traders	NOUN
on	ADP
Friday	NOUN
had	VERB
complained	VERB
about	ADP
the	DET
trading	NOUN
suspensions	NOUN
.	.

James	NOUN
A.	NOUN
White	NOUN
and	CONJ
Sonja	NOUN
Steptoe	NOUN
contributed	VERB
to	PRT
this	DET
article	NOUN
.	.

``	.
But	CONJ
if	ADP
you	PRON
make	VERB
a	DET
request	NOUN
,	.
you	PRON
should	VERB
support	VERB
the	DET
committee	NOUN
.	.
''	.

Congress	NOUN
previously	ADV
cut	VERB
six	NUM
airports	VERB
this	DET
year	NOUN
.	.

Senator	NOUN
Pete	NOUN
Domenici	NOUN
calls	VERB
this	DET
effort	NOUN
``	.
the	DET
first	ADJ
gift	NOUN
of	ADP
democracy	NOUN
.	.
''	.

There	DET
were	VERB
n't	ADV
any	DET
extraordinary	ADJ
items	NOUN
.	.

``	.
It	PRON
was	VERB
a	DET
pretty	ADJ
wild	NOUN
day	NOUN
.	.

In	ADP
fact	NOUN
,	.
some	DET
economists	NOUN
contend	NOUN
that	ADP
the	DET
latest	ADJ
easing	NOUN
started	VERB
last	ADJ
week	NOUN
.	.

The	DET
reversal	NOUN
was	VERB
even	ADV
more	ADV
evident	ADJ
among	ADP
shorter-term	NOUN
Treasury	NOUN
securities	NOUN
.	.

Investment-grade	ADJ
corporate	ADJ
bonds	NOUN
,	.
mortgage-backed	ADJ
securities	NOUN
and	CONJ
municipal	ADJ
bonds	NOUN
also	ADV
fell	VERB
.	.

But	CONJ
as	ADP
Japanese	NOUN
stocks	NOUN
rebounded	VERB
,	.
Treasurys	NOUN
retreated	VERB
and	CONJ
ended	VERB
just	ADV
modestly	VERB
higher	ADJ
.	.

It	PRON
could	VERB
do	VERB
damage	NOUN
to	PRT
us	PRON
.	.
''	.

``	.
We	PRON
have	VERB
a	DET
couple	NOUN
or	CONJ
three	NUM
tough	ADJ
weeks	NOUN
coming	VERB
.	.
''	.

Treasury	NOUN
Securities	NOUN

Prices	NOUN
of	ADP
Treasury	NOUN
bonds	NOUN
tumbled	VERB
in	ADP
moderate	ADJ
to	PRT
active	ADJ
trading	NOUN
.	.

The	DET
yield	NOUN
on	ADP
the	DET
benchmark	NOUN
issue	NOUN
rose	VERB
to	PRT
7.97	NOUN
%	NOUN
from	ADP
7.82	NOUN
%	NOUN
.	.

Short-term	ADJ
interest	NOUN
rates	NOUN
fell	VERB
yesterday	NOUN
at	ADP
the	DET
government	NOUN
's	PRT
weekly	ADJ
Treasury	NOUN
bill	NOUN
auction	NOUN
.	.

Here	ADV
are	VERB
auction	NOUN
details	NOUN
:	.

Thus	ADV
,	.
higher	ADJ
bidding	NOUN
narrows	VERB
the	DET
investor	NOUN
's	PRT
return	NOUN
while	ADP
lower	ADJ
bidding	NOUN
widens	VERB
it	PRON
.	.

Corporate	ADJ
Issues	NOUN

Investment-grade	ADJ
corporate	ADJ
bonds	NOUN
ended	VERB
one	NUM
to	PRT
1	NUM
1\/2	NUM
point	NOUN
lower	ADV
.	.

There	DET
were	VERB
no	DET
new	ADJ
issues	NOUN
.	.

Foreign	ADJ
Bonds	NOUN

Foreign	ADJ
bonds	NOUN
surged	VERB
as	ADP
the	DET
dollar	NOUN
weakened	NOUN
against	ADP
most	ADJ
major	ADJ
currencies	NOUN
.	.

The	DET
yield	NOUN
was	VERB
5.245	NOUN
%	NOUN
.	.

Mortgage-Backed	ADJ
Securities	NOUN

On	ADP
Friday	NOUN
,	.
mortgage	NOUN
issues	NOUN
gained	VERB
as	ADV
much	ADV
as	ADV
1	NUM
5\/32	NUM
.	.

There	DET
was	VERB
no	DET
new-issue	NOUN
activity	NOUN
in	ADP
the	DET
derivative	ADJ
market	NOUN
.	.

Professionals	ADV
dominated	VERB
municipal	ADJ
trading	NOUN
throughout	ADP
the	DET
session	NOUN
.	.

Serial	ADJ
bond	NOUN
yields	NOUN
were	VERB
up	ADV
about	ADP
0.05	NOUN
percentage	NOUN
point	NOUN
.	.

Sales	NOUN
surged	VERB
40	NUM
%	NOUN
to	PRT
250.17	NOUN
billion	NUM
yen	NOUN
from	ADP
178.61	NOUN
billion	NUM
.	.

Net	ADJ
income	NOUN
rose	VERB
11	NUM
%	NOUN
to	PRT
29.62	NOUN
billion	NUM
yen	NOUN
from	ADP
26.68	NOUN
billion	NUM
.	.

Domestic	ADJ
leisure	NOUN
sales	NOUN
,	.
however	ADV
,	.
were	VERB
lower	ADJ
.	.

Both	DET
of	ADP
the	DET
New	NOUN
York-based	NOUN
companies	NOUN
print	NOUN
stock	NOUN
certificates	NOUN
and	CONJ
currency	NOUN
.	.

The	DET
old	ADJ
and	CONJ
revised	VERB
numbers	NOUN
both	CONJ
include	VERB
over-allotment	NOUN
provisions	NOUN
.	.

Goldman	NOUN
,	.
Sachs	NOUN
&	CONJ
Co.	NOUN
,	.
and	CONJ
Drexel	NOUN
Burnham	NOUN
Lambert	NOUN
Inc.	NOUN
are	VERB
lead	ADJ
underwriters	NOUN
.	.

Mr.	NOUN
Goldberg	NOUN
is	VERB
the	DET
sole	ADJ
general	ADJ
partner	NOUN
in	ADP
Rose	NOUN
Partners	NOUN
.	.

A.	NOUN
manual	NOUN
typewriters	NOUN
,	.
B.	NOUN
black-and-white	NOUN
snapshots	NOUN
,	.
C.	NOUN
radio	NOUN
adventure	NOUN
shows	NOUN
.	.

If	ADP
you	PRON
guessed	NOUN
black-and-white	NOUN
snapshots	NOUN
,	.
you	PRON
're	VERB
right	ADV
.	.

And	CONJ
black-and-white	NOUN
photography	NOUN
classes	NOUN
are	VERB
crowded	VERB
with	ADP
students	NOUN
.	.

Processing	NOUN
of	ADP
black-and-white	NOUN
commercial	ADJ
film	NOUN
jumped	VERB
24	NUM
%	NOUN
last	ADJ
year	NOUN
to	PRT
18.7	NOUN
million	NUM
rolls	NUM
.	.

Portrait	NOUN
studios	NOUN
have	VERB
also	ADV
latched	VERB
onto	VERB
the	DET
trend	NOUN
.	.

I	PRON
show	VERB
it	PRON
to	PRT
my	PRON
friends	NOUN
,	.
and	CONJ
they	PRON
all	DET
say	VERB
`	.
wow	NOUN
.	.
'	.

It	PRON
is	VERB
n't	ADV
ordinary	ADJ
like	ADP
color	NOUN
.	.
''	.

One	NUM
big	ADJ
obstacle	NOUN
is	VERB
that	DET
few	ADJ
drugstores	NOUN
develop	VERB
the	DET
film	NOUN
anymore	ADV
.	.

But	CONJ
for	ADP
photofinishers	NOUN
,	.
developing	VERB
costs	NOUN
for	ADP
black-and-white	NOUN
film	NOUN
are	VERB
higher	ADJ
.	.

Other	ADJ
companies	NOUN
are	VERB
introducing	NOUN
related	NOUN
products	NOUN
.	.

``	.
The	DET
color	NOUN
print	NOUN
today	NOUN
is	VERB
far	ADV
superior	ADJ
to	PRT
prints	NOUN
of	ADP
10	NUM
years	NOUN
ago	ADV
.	.

You	PRON
ca	VERB
n't	ADV
say	VERB
the	DET
same	ADJ
with	ADP
black	ADJ
and	CONJ
white	ADJ
.	.
''	.

``	.
That	DET
's	VERB
the	DET
appeal	NOUN
.	.

It	PRON
also	ADV
rose	VERB
last	ADJ
Friday	NOUN
,	.
while	ADP
the	DET
stock	NOUN
market	NOUN
sagged	VERB
.	.

The	DET
acquisition	NOUN
strengthens	NOUN
BSN	NOUN
's	PRT
position	NOUN
in	ADP
the	DET
European	ADJ
pasta	NOUN
market	NOUN
.	.

The	DET
dollar	NOUN
also	ADV
rebounded	VERB
,	.
while	ADP
bond	NOUN
prices	NOUN
plummeted	VERB
and	CONJ
Treasury	NOUN
bill	NOUN
rates	NOUN
soared	VERB
.	.

Junk	NOUN
bonds	NOUN
also	ADV
recovered	VERB
somewhat	ADV
,	.
though	ADV
trading	VERB
remained	VERB
stalled	NOUN
.	.

Gold	NOUN
also	ADV
rose	VERB
.	.

The	DET
dollar	NOUN
also	ADV
moved	VERB
higher	ADJ
in	ADP
Tokyo	NOUN
.	.

Analysts	NOUN
are	VERB
downbeat	ADJ
about	ADP
IBM	NOUN
's	PRT
outlook	NOUN
for	ADP
the	DET
next	ADJ
few	ADJ
quarters	NOUN
.	.

Merrill	NOUN
Lynch	NOUN
's	PRT
profit	NOUN
slid	NOUN
37	NOUN
%	NOUN
in	ADP
the	DET
third	ADJ
quarter	NOUN
.	.

The	DET
moves	NOUN
may	VERB
help	VERB
the	DET
firm	NOUN
solidify	VERB
its	PRON
dominance	NOUN
of	ADP
the	DET
U.S.	NOUN
temporary-help	NOUN
market	NOUN
.	.

NCNB	NOUN
's	PRT
profit	NOUN
more	ADV
than	ADP
doubled	VERB
.	.

Markets	NOUN
--	.

Stocks	NOUN
:	.
Volume	NOUN
416,290,000	NOUN
shares	NOUN
.	.

Bonds	NOUN
:	.
Shearson	NOUN
Lehman	NOUN
Hutton	NOUN
Treasury	NOUN
index	NOUN
3393.51	NOUN
,	.
off	ADP

Dollar	NOUN
:	.
141.85	NOUN
yen	NOUN
,	.
off	ADP
0.25	NOUN
;	.
1.8685	NOUN
marks	NOUN
,	.
off	ADP
0.0055	NOUN
.	.

Monday	NOUN
,	.
October	NOUN
16	NUM
,	.
1989	NUM

PRIME	NOUN
RATE	NOUN
:	.
10	NUM
1\/2	NUM
%	NOUN
.	.

The	DET
base	NOUN
rate	NOUN
on	ADP
corporate	ADJ
loans	NOUN
at	ADP
large	ADJ
U.S.	NOUN
money	NOUN
center	NOUN
commercial	ADJ
banks	NOUN
.	.

DISCOUNT	NOUN
RATE	NOUN
:	.
7	NUM
%	NOUN
.	.

The	DET
charge	NOUN
on	ADP
loans	NOUN
to	PRT
depository	NOUN
institutions	NOUN
by	ADP
the	DET
New	NOUN
York	NOUN
Federal	NOUN
Reserve	NOUN
Bank	NOUN
.	.

The	DET
charge	NOUN
on	ADP
loans	NOUN
to	PRT
brokers	NOUN
on	ADP
stock	NOUN
exchange	NOUN
collateral	NOUN
.	.

Negotiable	ADJ
,	.
bank-backed	ADJ
business	NOUN
credit	NOUN
instruments	NOUN
typically	ADV
financing	VERB
an	DET
import	NOUN
order	NOUN
.	.

These	DET
rate	NOUN
indications	NOUN
are	VERB
n't	ADV
directly	ADV
comparable	ADJ
;	.
lending	NOUN
practices	NOUN
vary	VERB
widely	ADV
by	ADP
location	NOUN
.	.

Source	NOUN
:	.
Telerate	NOUN
Systems	NOUN
Inc	NOUN
.	.

Source	NOUN
:	.
Telerate	NOUN
Systems	NOUN
Inc	NOUN
.	.

MERRILL	NOUN
LYNCH	NOUN
READY	NOUN
ASSETS	NOUN
TRUST	NOUN
:	.
8.49	NOUN
%	NOUN
.	.

SHV	NOUN
also	ADV
owns	VERB
40	NUM
%	NOUN
of	ADP
Calor	NOUN
.	.

The	DET
group	NOUN
consists	NOUN
of	ADP
Weslock	NOUN
Corp.	NOUN
and	CONJ
JPI	NOUN
Modern	NOUN
Inc	NOUN
.	.

An	DET
American	NOUN
journalist	NOUN
now	ADV
is	VERB
standing	NOUN
trial	NOUN
in	ADP
Namibia	NOUN
.	.

The	DET
most	ADV
likely	ADJ
winner	NOUN
will	VERB
be	VERB
the	DET
Marxist-dominated	NOUN
SWAPO	NOUN
rebels	NOUN
.	.

Both	DET
South	NOUN
African	ADJ
and	CONJ
SWAPO	NOUN
extremists	NOUN
are	VERB
intimidating	NOUN
voters	NOUN
.	.

Yesterday	NOUN
,	.
the	DET
stock	NOUN
market	NOUN
's	PRT
influence	NOUN
at	ADP
first	ADV
created	VERB
nervousness	NOUN
.	.

Trading	NOUN
in	ADP
cotton	NOUN
and	CONJ
sugar	NOUN
was	VERB
nervous	ADJ
and	CONJ
showed	VERB
small	ADJ
declines	NOUN
.	.

In	ADP
Chicago	NOUN
,	.
grain	NOUN
and	CONJ
soybean	NOUN
prices	NOUN
rose	VERB
slightly	ADV
.	.

Silver	NOUN
performed	VERB
quietly	ADV
.	.

ENERGY	NOUN
:	.

COPPER	NOUN
:	.

London	NOUN
Metal	NOUN
Exchange	NOUN
copper	NOUN
inventories	NOUN
last	ADJ
week	NOUN
declined	VERB
13,575	NOUN
tons	NOUN
,	.
to	PRT
89,300	NOUN
tons	NOUN
.	.

COTTON	NOUN
:	.

SUGAR	NOUN
:	.

Futures	NOUN
prices	NOUN
declined	VERB
.	.

The	DET
March	NOUN
contract	NOUN
was	VERB
off	ADP
0.32	NOUN
cent	NOUN
a	DET
pound	NOUN
at	ADP
13.97	NOUN
cents	NOUN
.	.

FARM	NOUN
PRODUCTS	NOUN
:	.

Earlier	ADV
in	ADP
the	DET
session	NOUN
,	.
the	DET
prices	NOUN
of	ADP
several	ADJ
soybean	NOUN
contracts	NOUN
set	VERB
new	ADJ
lows	NOUN
.	.

The	DET
utility	NOUN
company	NOUN
currently	ADV
has	VERB
about	ADV
82.1	VERB
million	NUM
shares	NOUN
outstanding	ADJ
.	.

Morgan	NOUN
Stanley	NOUN
&	CONJ
Co.	NOUN
will	VERB
act	NOUN
as	ADP
the	DET
exclusive	NOUN
broker	NOUN
for	ADP
the	DET
repurchase	NOUN
.	.

The	DET
ratification	NOUN
follows	VERB
a	DET
23-day	NOUN
strike	NOUN
against	ADP
the	DET
Philadelphia-based	NOUN
company	NOUN
.	.

The	DET
unions	NOUN
and	CONJ
the	DET
company	NOUN
last	ADJ
week	NOUN
agreed	VERB
to	PRT
mediation	NOUN
.	.

The	DET
CWA	NOUN
represents	VERB
40,000	NOUN
Nynex	NOUN
workers	NOUN
and	CONJ
the	DET
IBEW	NOUN
represents	VERB
20,000	NUM
workers	NOUN
.	.

For	ADP
the	DET
moment	NOUN
,	.
at	ADP
least	ADJ
,	.
euphoria	NOUN
has	VERB
replaced	NOUN
anxiety	NOUN
on	ADP
Wall	NOUN
Street	NOUN
.	.

Many	ADJ
went	VERB
bargain-hunting	NOUN
.	.

At	ADP
first	ADJ
,	.
it	PRON
seemed	VERB
as	ADV
if	ADP
history	NOUN
might	VERB
repeat	VERB
itself	PRON
.	.

It	PRON
ended	VERB
with	ADP
a	DET
gain	NOUN
of	ADP
88.12	NOUN
points	NOUN
.	.

World-wide	NOUN
,	.
trading	NOUN
was	VERB
generally	ADV
manageable	VERB
.	.

Many	ADJ
other	ADJ
factors	NOUN
played	VERB
a	DET
part	NOUN
in	ADP
yesterday	NOUN
's	PRT
comeback	NOUN
.	.

The	DET
relative	ADJ
calm	NOUN
in	ADP
Tokyo	NOUN
proved	VERB
little	ADJ
comfort	NOUN
to	PRT
markets	NOUN
opening	VERB
up	ADV
in	ADP
Europe	NOUN
.	.

The	DET
screen	NOUN
was	VERB
a	DET
sea	NOUN
of	ADP
red	NOUN
.	.

By	ADP
9:45	NOUN
,	.
the	DET
industrial	ADJ
average	NOUN
had	VERB
dropped	VERB
27	NUM
points	NOUN
.	.

By	ADP
10	NUM
a.m.	NUM
,	.
it	PRON
was	VERB
down	ADV
49	NUM
.	.

Shearson	NOUN
's	PRT
London	NOUN
trading	NOUN
room	NOUN
went	VERB
wild	ADJ
.	.

``	.
This	DET
is	VERB
panic	NOUN
buying	NOUN
.	.
''	.

German	ADJ
and	CONJ
Dutch	ADJ
investors	NOUN
reportedly	ADV
loaded	VERB
up	ADV
on	ADP
Kellogg	NOUN
Co	NOUN
.	.

Not	ADV
everybody	VERB
was	VERB
making	VERB
money	NOUN
.	.

The	DET
public	NOUN
is	VERB
still	ADV
cautious	ADJ
.	.

EAST	NOUN
GERMANS	NOUN
RALLIED	NOUN
as	ADP
officials	NOUN
reportedly	ADV
sought	VERB
Honecker	NOUN
's	PRT
ouster	NOUN
.	.

Police	NOUN
did	VERB
n't	ADV
intervene	VERB
.	.

Mubarak	ADV
held	VERB
reconciliation	NOUN
talks	NOUN
with	ADP
Gadhafi	NOUN
at	ADP
the	DET
Egyptian	NOUN
resort	NOUN
of	ADP
Mersa	NOUN
Metruh	NOUN
.	.

It	PRON
was	VERB
the	DET
Libyan	NOUN
leader	NOUN
's	PRT
first	ADJ
trip	NOUN
to	PRT
Egypt	NOUN
in	ADP
16	NUM
years	NOUN
.	.

Such	ADJ
family	NOUN
reunions	NOUN
would	VERB
be	VERB
the	DET
second	ADJ
since	ADP
1945	NOUN
.	.

At	ADP
Applied	NOUN
,	.
Mr.	NOUN
Sim	NOUN
set	NOUN
growth	NOUN
as	ADP
his	PRON
first	ADJ
objective	NOUN
.	.

